记录时间：2014-07-28 13:56:58,731 线程ID :[9] 日志级别: ERROR  System.ServiceModel.ProtocolException: 通道在关闭时接收到意外的输入消息，Action“http://tempuri.org/IAPIService/DoWeighingDataReceived”。只应在不再需要任何输入消息时关闭通道。

Server stack trace: 
   在 System.ServiceModel.Channels.FramingDuplexSessionChannel.OnClose(TimeSpan timeout)
   在 System.ServiceModel.Channels.CommunicationObject.Close(TimeSpan timeout)
   在 System.ServiceModel.Channels.ServiceChannel.OnClose(TimeSpan timeout)
   在 System.ServiceModel.Channels.CommunicationObject.Close(TimeSpan timeout)

Exception rethrown at [0]: 
   在 System.Runtime.Remoting.Proxies.RealProxy.HandleReturnMessage(IMessage reqMsg, IMessage retMsg)
   在 System.Runtime.Remoting.Proxies.RealProxy.PrivateInvoke(MessageData& msgData, Int32 type)
   在 System.ServiceModel.ICommunicationObject.Close(TimeSpan timeout)
   在 System.ServiceModel.ClientBase`1.System.ServiceModel.ICommunicationObject.Close(TimeSpan timeout)
   在 System.ServiceModel.ClientBase`1.Close()
   在 IND880.Advance.APIClient.APIClient.ReleaseWCFClientResource(Object client)
记录时间：2014-07-28 13:57:33,212 线程ID :[9] 日志级别: ERROR  System.ServiceModel.FaultException`1[System.ArgumentOutOfRangeException]: 指定的参数已超出有效值的范围。
参数名: There are three client connections now, we just allow the number of the client connections up to 3. (错误详细信息等于 System.ArgumentOutOfRangeException: 指定的参数已超出有效值的范围。
参数名: 指定的参数已超出有效值的范围。
参数名: There are three client connections now, we just allow the number of the client connections up to 3.)。
记录时间：2014-07-28 14:02:06,913 线程ID :[9] 日志级别: ERROR  System.ServiceModel.FaultException`1[System.ArgumentOutOfRangeException]: 指定的参数已超出有效值的范围。
参数名: There are three client connections now, we just allow the number of the client connections up to 3. (错误详细信息等于 System.ArgumentOutOfRangeException: 指定的参数已超出有效值的范围。
参数名: 指定的参数已超出有效值的范围。
参数名: There are three client connections now, we just allow the number of the client connections up to 3.)。
记录时间：2014-07-28 14:02:43,919 线程ID :[9] 日志级别: ERROR  System.ServiceModel.ProtocolException: 通道在关闭时接收到意外的输入消息，Action“http://tempuri.org/IAPIService/DoWeighingDataReceived”。只应在不再需要任何输入消息时关闭通道。

Server stack trace: 
   在 System.ServiceModel.Channels.FramingDuplexSessionChannel.OnClose(TimeSpan timeout)
   在 System.ServiceModel.Channels.CommunicationObject.Close(TimeSpan timeout)
   在 System.ServiceModel.Channels.ServiceChannel.OnClose(TimeSpan timeout)
   在 System.ServiceModel.Channels.CommunicationObject.Close(TimeSpan timeout)

Exception rethrown at [0]: 
   在 System.Runtime.Remoting.Proxies.RealProxy.HandleReturnMessage(IMessage reqMsg, IMessage retMsg)
   在 System.Runtime.Remoting.Proxies.RealProxy.PrivateInvoke(MessageData& msgData, Int32 type)
   在 System.ServiceModel.ICommunicationObject.Close(TimeSpan timeout)
   在 System.ServiceModel.ClientBase`1.System.ServiceModel.ICommunicationObject.Close(TimeSpan timeout)
   在 System.ServiceModel.ClientBase`1.Close()
   在 IND880.Advance.APIClient.APIClient.ReleaseWCFClientResource(Object client)
记录时间：2014-07-28 14:38:19,147 线程ID :[10] 日志级别: ERROR  System.ServiceModel.ProtocolException: 通道在关闭时接收到意外的输入消息，Action“http://tempuri.org/IAPIService/DoWeighingDataReceived”。只应在不再需要任何输入消息时关闭通道。

Server stack trace: 
   在 System.ServiceModel.Channels.FramingDuplexSessionChannel.OnClose(TimeSpan timeout)
   在 System.ServiceModel.Channels.CommunicationObject.Close(TimeSpan timeout)
   在 System.ServiceModel.Channels.ServiceChannel.OnClose(TimeSpan timeout)
   在 System.ServiceModel.Channels.CommunicationObject.Close(TimeSpan timeout)

Exception rethrown at [0]: 
   在 System.Runtime.Remoting.Proxies.RealProxy.HandleReturnMessage(IMessage reqMsg, IMessage retMsg)
   在 System.Runtime.Remoting.Proxies.RealProxy.PrivateInvoke(MessageData& msgData, Int32 type)
   在 System.ServiceModel.ICommunicationObject.Close(TimeSpan timeout)
   在 System.ServiceModel.ClientBase`1.System.ServiceModel.ICommunicationObject.Close(TimeSpan timeout)
   在 System.ServiceModel.ClientBase`1.Close()
   在 IND880.Advance.APIClient.APIClient.ReleaseWCFClientResource(Object client)
记录时间：2014-07-28 14:47:52,628 线程ID :[9] 日志级别: ERROR  System.ServiceModel.ProtocolException: 通道在关闭时接收到意外的输入消息，Action“http://tempuri.org/IAPIService/DoWeighingDataReceived”。只应在不再需要任何输入消息时关闭通道。

Server stack trace: 
   在 System.ServiceModel.Channels.FramingDuplexSessionChannel.OnClose(TimeSpan timeout)
   在 System.ServiceModel.Channels.CommunicationObject.Close(TimeSpan timeout)
   在 System.ServiceModel.Channels.ServiceChannel.OnClose(TimeSpan timeout)
   在 System.ServiceModel.Channels.CommunicationObject.Close(TimeSpan timeout)

Exception rethrown at [0]: 
   在 System.Runtime.Remoting.Proxies.RealProxy.HandleReturnMessage(IMessage reqMsg, IMessage retMsg)
   在 System.Runtime.Remoting.Proxies.RealProxy.PrivateInvoke(MessageData& msgData, Int32 type)
   在 System.ServiceModel.ICommunicationObject.Close(TimeSpan timeout)
   在 System.ServiceModel.ClientBase`1.System.ServiceModel.ICommunicationObject.Close(TimeSpan timeout)
   在 System.ServiceModel.ClientBase`1.Close()
   在 IND880.Advance.APIClient.APIClient.ReleaseWCFClientResource(Object client)
记录时间：2014-07-28 15:14:29,574 线程ID :[9] 日志级别: ERROR  System.ServiceModel.ProtocolException: 通道在关闭时接收到意外的输入消息，Action“http://tempuri.org/IAPIService/DoWeighingDataReceived”。只应在不再需要任何输入消息时关闭通道。

Server stack trace: 
   在 System.ServiceModel.Channels.FramingDuplexSessionChannel.OnClose(TimeSpan timeout)
   在 System.ServiceModel.Channels.CommunicationObject.Close(TimeSpan timeout)
   在 System.ServiceModel.Channels.ServiceChannel.OnClose(TimeSpan timeout)
   在 System.ServiceModel.Channels.CommunicationObject.Close(TimeSpan timeout)

Exception rethrown at [0]: 
   在 System.Runtime.Remoting.Proxies.RealProxy.HandleReturnMessage(IMessage reqMsg, IMessage retMsg)
   在 System.Runtime.Remoting.Proxies.RealProxy.PrivateInvoke(MessageData& msgData, Int32 type)
   在 System.ServiceModel.ICommunicationObject.Close(TimeSpan timeout)
   在 System.ServiceModel.ClientBase`1.System.ServiceModel.ICommunicationObject.Close(TimeSpan timeout)
   在 System.ServiceModel.ClientBase`1.Close()
   在 IND880.Advance.APIClient.APIClient.ReleaseWCFClientResource(Object client)
记录时间：2014-07-28 15:18:13,343 线程ID :[9] 日志级别: ERROR  System.ServiceModel.ProtocolException: 通道在关闭时接收到意外的输入消息，Action“http://tempuri.org/IAPIService/DoWeighingDataReceived”。只应在不再需要任何输入消息时关闭通道。

Server stack trace: 
   在 System.ServiceModel.Channels.FramingDuplexSessionChannel.OnClose(TimeSpan timeout)
   在 System.ServiceModel.Channels.CommunicationObject.Close(TimeSpan timeout)
   在 System.ServiceModel.Channels.ServiceChannel.OnClose(TimeSpan timeout)
   在 System.ServiceModel.Channels.CommunicationObject.Close(TimeSpan timeout)

Exception rethrown at [0]: 
   在 System.Runtime.Remoting.Proxies.RealProxy.HandleReturnMessage(IMessage reqMsg, IMessage retMsg)
   在 System.Runtime.Remoting.Proxies.RealProxy.PrivateInvoke(MessageData& msgData, Int32 type)
   在 System.ServiceModel.ICommunicationObject.Close(TimeSpan timeout)
   在 System.ServiceModel.ClientBase`1.System.ServiceModel.ICommunicationObject.Close(TimeSpan timeout)
   在 System.ServiceModel.ClientBase`1.Close()
   在 IND880.Advance.APIClient.APIClient.ReleaseWCFClientResource(Object client)
记录时间：2014-07-28 15:18:34,671 线程ID :[9] 日志级别: ERROR  System.ServiceModel.ProtocolException: 通道在关闭时接收到意外的输入消息，Action“http://tempuri.org/IAPIService/DoWeighingDataReceived”。只应在不再需要任何输入消息时关闭通道。

Server stack trace: 
   在 System.ServiceModel.Channels.FramingDuplexSessionChannel.OnClose(TimeSpan timeout)
   在 System.ServiceModel.Channels.CommunicationObject.Close(TimeSpan timeout)
   在 System.ServiceModel.Channels.ServiceChannel.OnClose(TimeSpan timeout)
   在 System.ServiceModel.Channels.CommunicationObject.Close(TimeSpan timeout)

Exception rethrown at [0]: 
   在 System.Runtime.Remoting.Proxies.RealProxy.HandleReturnMessage(IMessage reqMsg, IMessage retMsg)
   在 System.Runtime.Remoting.Proxies.RealProxy.PrivateInvoke(MessageData& msgData, Int32 type)
   在 System.ServiceModel.ICommunicationObject.Close(TimeSpan timeout)
   在 System.ServiceModel.ClientBase`1.System.ServiceModel.ICommunicationObject.Close(TimeSpan timeout)
   在 System.ServiceModel.ClientBase`1.Close()
   在 IND880.Advance.APIClient.APIClient.ReleaseWCFClientResource(Object client)
记录时间：2014-07-28 15:37:40,741 线程ID :[9] 日志级别: ERROR  System.ServiceModel.ProtocolException: 通道在关闭时接收到意外的输入消息，Action“http://tempuri.org/IAPIService/DoWeighingDataReceived”。只应在不再需要任何输入消息时关闭通道。

Server stack trace: 
   在 System.ServiceModel.Channels.FramingDuplexSessionChannel.OnClose(TimeSpan timeout)
   在 System.ServiceModel.Channels.CommunicationObject.Close(TimeSpan timeout)
   在 System.ServiceModel.Channels.ServiceChannel.OnClose(TimeSpan timeout)
   在 System.ServiceModel.Channels.CommunicationObject.Close(TimeSpan timeout)

Exception rethrown at [0]: 
   在 System.Runtime.Remoting.Proxies.RealProxy.HandleReturnMessage(IMessage reqMsg, IMessage retMsg)
   在 System.Runtime.Remoting.Proxies.RealProxy.PrivateInvoke(MessageData& msgData, Int32 type)
   在 System.ServiceModel.ICommunicationObject.Close(TimeSpan timeout)
   在 System.ServiceModel.ClientBase`1.System.ServiceModel.ICommunicationObject.Close(TimeSpan timeout)
   在 System.ServiceModel.ClientBase`1.Close()
   在 IND880.Advance.APIClient.APIClient.ReleaseWCFClientResource(Object client)
记录时间：2014-07-28 16:00:24,959 线程ID :[9] 日志级别: ERROR  System.ServiceModel.ProtocolException: 通道在关闭时接收到意外的输入消息，Action“http://tempuri.org/IAPIService/DoNewIOStatusReached”。只应在不再需要任何输入消息时关闭通道。

Server stack trace: 
   在 System.ServiceModel.Channels.FramingDuplexSessionChannel.OnClose(TimeSpan timeout)
   在 System.ServiceModel.Channels.CommunicationObject.Close(TimeSpan timeout)
   在 System.ServiceModel.Channels.ServiceChannel.OnClose(TimeSpan timeout)
   在 System.ServiceModel.Channels.CommunicationObject.Close(TimeSpan timeout)

Exception rethrown at [0]: 
   在 System.Runtime.Remoting.Proxies.RealProxy.HandleReturnMessage(IMessage reqMsg, IMessage retMsg)
   在 System.Runtime.Remoting.Proxies.RealProxy.PrivateInvoke(MessageData& msgData, Int32 type)
   在 System.ServiceModel.ICommunicationObject.Close(TimeSpan timeout)
   在 System.ServiceModel.ClientBase`1.System.ServiceModel.ICommunicationObject.Close(TimeSpan timeout)
   在 System.ServiceModel.ClientBase`1.Close()
   在 IND880.Advance.APIClient.APIClient.ReleaseWCFClientResource(Object client)
记录时间：2014-07-28 16:35:47,915 线程ID :[10] 日志级别: ERROR  System.ServiceModel.FaultException`1[IND880.Advance.APIClient.APIServiceReference.APIServiceIsUnavailableExceptionFault]: The API service is unavailable now. (错误详细信息等于 IND880.Advance.APIClient.APIServiceReference.APIServiceIsUnavailableExceptionFault)。
记录时间：2014-07-28 16:35:55,717 线程ID :[10] 日志级别: ERROR  System.ServiceModel.FaultException`1[IND880.Advance.APIClient.APIServiceReference.APIServiceIsUnavailableExceptionFault]: The API service is unavailable now. (错误详细信息等于 IND880.Advance.APIClient.APIServiceReference.APIServiceIsUnavailableExceptionFault)。
记录时间：2014-07-28 16:36:09,715 线程ID :[10] 日志级别: ERROR  System.ServiceModel.FaultException`1[IND880.Advance.APIClient.APIServiceReference.APIServiceIsUnavailableExceptionFault]: The API service is unavailable now. (错误详细信息等于 IND880.Advance.APIClient.APIServiceReference.APIServiceIsUnavailableExceptionFault)。
记录时间：2014-07-28 16:36:11,453 线程ID :[10] 日志级别: ERROR  System.ServiceModel.FaultException`1[IND880.Advance.APIClient.APIServiceReference.APIServiceIsUnavailableExceptionFault]: The API service is unavailable now. (错误详细信息等于 IND880.Advance.APIClient.APIServiceReference.APIServiceIsUnavailableExceptionFault)。
记录时间：2014-07-28 16:36:17,351 线程ID :[10] 日志级别: ERROR  System.ServiceModel.FaultException`1[IND880.Advance.APIClient.APIServiceReference.APIServiceIsUnavailableExceptionFault]: The API service is unavailable now. (错误详细信息等于 IND880.Advance.APIClient.APIServiceReference.APIServiceIsUnavailableExceptionFault)。
记录时间：2014-07-28 16:36:19,126 线程ID :[10] 日志级别: ERROR  System.ServiceModel.FaultException`1[IND880.Advance.APIClient.APIServiceReference.APIServiceIsUnavailableExceptionFault]: The API service is unavailable now. (错误详细信息等于 IND880.Advance.APIClient.APIServiceReference.APIServiceIsUnavailableExceptionFault)。
记录时间：2014-07-28 16:36:20,464 线程ID :[10] 日志级别: ERROR  System.ServiceModel.FaultException`1[IND880.Advance.APIClient.APIServiceReference.APIServiceIsUnavailableExceptionFault]: The API service is unavailable now. (错误详细信息等于 IND880.Advance.APIClient.APIServiceReference.APIServiceIsUnavailableExceptionFault)。
记录时间：2014-07-28 16:36:48,068 线程ID :[10] 日志级别: ERROR  System.ServiceModel.FaultException`1[IND880.Advance.APIClient.APIServiceReference.APIServiceIsUnavailableExceptionFault]: The API service is unavailable now. (错误详细信息等于 IND880.Advance.APIClient.APIServiceReference.APIServiceIsUnavailableExceptionFault)。
记录时间：2014-07-28 16:37:02,876 线程ID :[10] 日志级别: ERROR  System.ServiceModel.FaultException`1[IND880.Advance.APIClient.APIServiceReference.APIServiceIsUnavailableExceptionFault]: The API service is unavailable now. (错误详细信息等于 IND880.Advance.APIClient.APIServiceReference.APIServiceIsUnavailableExceptionFault)。
记录时间：2014-07-28 16:39:07,424 线程ID :[9] 日志级别: ERROR  System.ServiceModel.ProtocolException: 通道在关闭时接收到意外的输入消息，Action“http://tempuri.org/IAPIService/DoWeighingDataReceived”。只应在不再需要任何输入消息时关闭通道。

Server stack trace: 
   在 System.ServiceModel.Channels.FramingDuplexSessionChannel.OnClose(TimeSpan timeout)
   在 System.ServiceModel.Channels.CommunicationObject.Close(TimeSpan timeout)
   在 System.ServiceModel.Channels.ServiceChannel.OnClose(TimeSpan timeout)
   在 System.ServiceModel.Channels.CommunicationObject.Close(TimeSpan timeout)

Exception rethrown at [0]: 
   在 System.Runtime.Remoting.Proxies.RealProxy.HandleReturnMessage(IMessage reqMsg, IMessage retMsg)
   在 System.Runtime.Remoting.Proxies.RealProxy.PrivateInvoke(MessageData& msgData, Int32 type)
   在 System.ServiceModel.ICommunicationObject.Close(TimeSpan timeout)
   在 System.ServiceModel.ClientBase`1.System.ServiceModel.ICommunicationObject.Close(TimeSpan timeout)
   在 System.ServiceModel.ClientBase`1.Close()
   在 IND880.Advance.APIClient.APIClient.ReleaseWCFClientResource(Object client)
记录时间：2014-07-28 16:39:30,447 线程ID :[9] 日志级别: ERROR  System.ServiceModel.FaultException`1[IND880.Advance.APIClient.APIServiceReference.APIServiceIsUnavailableExceptionFault]: The API service is unavailable now. (错误详细信息等于 IND880.Advance.APIClient.APIServiceReference.APIServiceIsUnavailableExceptionFault)。
记录时间：2014-07-28 16:39:33,341 线程ID :[9] 日志级别: ERROR  System.ServiceModel.FaultException`1[IND880.Advance.APIClient.APIServiceReference.APIServiceIsUnavailableExceptionFault]: The API service is unavailable now. (错误详细信息等于 IND880.Advance.APIClient.APIServiceReference.APIServiceIsUnavailableExceptionFault)。
记录时间：2014-07-28 16:53:49,654 线程ID :[9] 日志级别: ERROR  System.ServiceModel.ProtocolException: 通道在关闭时接收到意外的输入消息，Action“http://tempuri.org/IAPIService/DoNewIOStatusReached”。只应在不再需要任何输入消息时关闭通道。

Server stack trace: 
   在 System.ServiceModel.Channels.FramingDuplexSessionChannel.OnClose(TimeSpan timeout)
   在 System.ServiceModel.Channels.CommunicationObject.Close(TimeSpan timeout)
   在 System.ServiceModel.Channels.ServiceChannel.OnClose(TimeSpan timeout)
   在 System.ServiceModel.Channels.CommunicationObject.Close(TimeSpan timeout)

Exception rethrown at [0]: 
   在 System.Runtime.Remoting.Proxies.RealProxy.HandleReturnMessage(IMessage reqMsg, IMessage retMsg)
   在 System.Runtime.Remoting.Proxies.RealProxy.PrivateInvoke(MessageData& msgData, Int32 type)
   在 System.ServiceModel.ICommunicationObject.Close(TimeSpan timeout)
   在 System.ServiceModel.ClientBase`1.System.ServiceModel.ICommunicationObject.Close(TimeSpan timeout)
   在 System.ServiceModel.ClientBase`1.Close()
   在 IND880.Advance.APIClient.APIClient.ReleaseWCFClientResource(Object client)
记录时间：2014-07-28 16:58:14,773 线程ID :[9] 日志级别: ERROR  System.ServiceModel.ProtocolException: 通道在关闭时接收到意外的输入消息，Action“http://tempuri.org/IAPIService/DoWeighingDataReceived”。只应在不再需要任何输入消息时关闭通道。

Server stack trace: 
   在 System.ServiceModel.Channels.FramingDuplexSessionChannel.OnClose(TimeSpan timeout)
   在 System.ServiceModel.Channels.CommunicationObject.Close(TimeSpan timeout)
   在 System.ServiceModel.Channels.ServiceChannel.OnClose(TimeSpan timeout)
   在 System.ServiceModel.Channels.CommunicationObject.Close(TimeSpan timeout)

Exception rethrown at [0]: 
   在 System.Runtime.Remoting.Proxies.RealProxy.HandleReturnMessage(IMessage reqMsg, IMessage retMsg)
   在 System.Runtime.Remoting.Proxies.RealProxy.PrivateInvoke(MessageData& msgData, Int32 type)
   在 System.ServiceModel.ICommunicationObject.Close(TimeSpan timeout)
   在 System.ServiceModel.ClientBase`1.System.ServiceModel.ICommunicationObject.Close(TimeSpan timeout)
   在 System.ServiceModel.ClientBase`1.Close()
   在 IND880.Advance.APIClient.APIClient.ReleaseWCFClientResource(Object client)
记录时间：2014-07-28 17:00:37,140 线程ID :[9] 日志级别: ERROR  System.ServiceModel.ProtocolException: 通道在关闭时接收到意外的输入消息，Action“http://tempuri.org/IAPIService/DoNewIOStatusReached”。只应在不再需要任何输入消息时关闭通道。

Server stack trace: 
   在 System.ServiceModel.Channels.FramingDuplexSessionChannel.OnClose(TimeSpan timeout)
   在 System.ServiceModel.Channels.CommunicationObject.Close(TimeSpan timeout)
   在 System.ServiceModel.Channels.ServiceChannel.OnClose(TimeSpan timeout)
   在 System.ServiceModel.Channels.CommunicationObject.Close(TimeSpan timeout)

Exception rethrown at [0]: 
   在 System.Runtime.Remoting.Proxies.RealProxy.HandleReturnMessage(IMessage reqMsg, IMessage retMsg)
   在 System.Runtime.Remoting.Proxies.RealProxy.PrivateInvoke(MessageData& msgData, Int32 type)
   在 System.ServiceModel.ICommunicationObject.Close(TimeSpan timeout)
   在 System.ServiceModel.ClientBase`1.System.ServiceModel.ICommunicationObject.Close(TimeSpan timeout)
   在 System.ServiceModel.ClientBase`1.Close()
   在 IND880.Advance.APIClient.APIClient.ReleaseWCFClientResource(Object client)
记录时间：2014-07-28 17:00:50,286 线程ID :[9] 日志级别: ERROR  System.ServiceModel.FaultException`1[IND880.Advance.APIClient.APIServiceReference.APIServiceIsUnavailableExceptionFault]: The API service is unavailable now. (错误详细信息等于 IND880.Advance.APIClient.APIServiceReference.APIServiceIsUnavailableExceptionFault)。
记录时间：2014-07-28 17:00:53,900 线程ID :[9] 日志级别: ERROR  System.ServiceModel.FaultException`1[IND880.Advance.APIClient.APIServiceReference.APIServiceIsUnavailableExceptionFault]: The API service is unavailable now. (错误详细信息等于 IND880.Advance.APIClient.APIServiceReference.APIServiceIsUnavailableExceptionFault)。
