记录时间：2014-08-15 11:04:12,862 线程ID :[1] 日志级别: ERROR  System.ServiceModel.EndpointNotFoundException: 无法连接到 net.tcp://127.0.0.1:19002/IND880.Advance.APIServer/APIService。连接尝试持续了 00:00:01.0764019 时间跨度。TCP 错误代码 10061: 由于目标计算机积极拒绝，无法连接。 127.0.0.1:19002。  ---> System.Net.Sockets.SocketException: 由于目标计算机积极拒绝，无法连接。 127.0.0.1:19002
   在 System.Net.Sockets.Socket.DoConnect(EndPoint endPointSnapshot, SocketAddress socketAddress)
   在 System.Net.Sockets.Socket.Connect(EndPoint remoteEP)
   在 System.ServiceModel.Channels.SocketConnectionInitiator.Connect(Uri uri, TimeSpan timeout)
   --- 内部异常堆栈跟踪的结尾 ---

Server stack trace: 
   在 System.ServiceModel.Channels.SocketConnectionInitiator.Connect(Uri uri, TimeSpan timeout)
   在 System.ServiceModel.Channels.BufferedConnectionInitiator.Connect(Uri uri, TimeSpan timeout)
   在 System.ServiceModel.Channels.ConnectionPoolHelper.EstablishConnection(TimeSpan timeout)
   在 System.ServiceModel.Channels.ClientFramingDuplexSessionChannel.OnOpen(TimeSpan timeout)
   在 System.ServiceModel.Channels.CommunicationObject.Open(TimeSpan timeout)
   在 System.ServiceModel.Channels.ServiceChannel.OnOpen(TimeSpan timeout)
   在 System.ServiceModel.Channels.CommunicationObject.Open(TimeSpan timeout)
   在 System.ServiceModel.Channels.ServiceChannel.CallOpenOnce.System.ServiceModel.Channels.ServiceChannel.ICallOnce.Call(ServiceChannel channel, TimeSpan timeout)
   在 System.ServiceModel.Channels.ServiceChannel.CallOnceManager.CallOnce(TimeSpan timeout, CallOnceManager cascade)
   在 System.ServiceModel.Channels.ServiceChannel.EnsureOpened(TimeSpan timeout)
   在 System.ServiceModel.Channels.ServiceChannel.Call(String action, Boolean oneway, ProxyOperationRuntime operation, Object[] ins, Object[] outs, TimeSpan timeout)
   在 System.ServiceModel.Channels.ServiceChannel.Call(String action, Boolean oneway, ProxyOperationRuntime operation, Object[] ins, Object[] outs)
   在 System.ServiceModel.Channels.ServiceChannelProxy.InvokeService(IMethodCallMessage methodCall, ProxyOperationRuntime operation)
   在 System.ServiceModel.Channels.ServiceChannelProxy.Invoke(IMessage message)

Exception rethrown at [0]: 
   在 System.Runtime.Remoting.Proxies.RealProxy.HandleReturnMessage(IMessage reqMsg, IMessage retMsg)
   在 System.Runtime.Remoting.Proxies.RealProxy.PrivateInvoke(MessageData& msgData, Int32 type)
   在 IND880.Advance.APIClient.APIServiceReference.IAPIService.RegisterClient(String clientID, String ipAddress, String description, String ciphertext)
   在 IND880.Advance.APIClient.APIServiceReference.APIServiceClient.RegisterClient(String clientID, String ipAddress, String description, String ciphertext)
   在 IND880.Advance.APIClient.APIClient.ConnectToServer(String clientDesc)
记录时间：2014-08-15 11:04:12,987 线程ID :[1] 日志级别: ERROR  System.ServiceModel.CommunicationObjectFaultedException: 通信对象 System.ServiceModel.Channels.ServiceChannel 无法用于通信，因为其处于“出错”状态。

Server stack trace: 
   在 System.ServiceModel.Channels.CommunicationObject.Close(TimeSpan timeout)

Exception rethrown at [0]: 
   在 System.Runtime.Remoting.Proxies.RealProxy.HandleReturnMessage(IMessage reqMsg, IMessage retMsg)
   在 System.Runtime.Remoting.Proxies.RealProxy.PrivateInvoke(MessageData& msgData, Int32 type)
   在 System.ServiceModel.ICommunicationObject.Close(TimeSpan timeout)
   在 System.ServiceModel.ClientBase`1.System.ServiceModel.ICommunicationObject.Close(TimeSpan timeout)
   在 System.ServiceModel.ClientBase`1.Close()
   在 IND880.Advance.APIClient.APIClient.ReleaseWCFClientResource(Object client)
